<?xml version="1.0" encoding="UTF-8"?>
<!-- Generated by org.testng.reporters.JUnitReportReporter -->
<testsuite skipped="0" hostname="LAPTOP-D2GVCL39" name="brockenlinks.BrockenLinksClass5" tests="1" failures="1" timestamp="2022-10-17T20:56:54 IST" time="18.784" errors="0">
  <testcase name="sampleLiunksMethod" time="18.784" classname="brockenlinks.BrockenLinksClass5">
    <failure type="java.lang.AssertionError" message="The following asserts failed:
	https://demoqa.com/bad-request is brocken with status code = 400 and response mesage = Bad Request expected [true] but found [false],
	https://demoqa.com/unauthorized is brocken with status code = 401 and response mesage = Unauthorized expected [true] but found [false],
	https://demoqa.com/forbidden is brocken with status code = 403 and response mesage = Forbidden expected [true] but found [false],
	https://demoqa.com/invalid-url is brocken with status code = 404 and response mesage = Not Found expected [true] but found [false]">
      <![CDATA[java.lang.AssertionError: The following asserts failed:
https://demoqa.com/bad-request is brocken with status code = 400 and response mesage = Bad Request expected [true] but found [false],
https://demoqa.com/unauthorized is brocken with status code = 401 and response mesage = Unauthorized expected [true] but found [false],
https://demoqa.com/forbidden is brocken with status code = 403 and response mesage = Forbidden expected [true] but found [false],
https://demoqa.com/invalid-url is brocken with status code = 404 and response mesage = Not Found expected [true] but found [false]
at org.testng.asserts.SoftAssert.assertAll(SoftAssert.java:47)
at org.testng.asserts.SoftAssert.assertAll(SoftAssert.java:31)
at brockenlinks.BrockenLinksClass5.sampleLiunksMethod(BrockenLinksClass5.java:53)
at sun.reflect.NativeMethodAccessorImpl.invoke0(Native Method)
at sun.reflect.NativeMethodAccessorImpl.invoke(Unknown Source)
at sun.reflect.DelegatingMethodAccessorImpl.invoke(Unknown Source)
at java.lang.reflect.Method.invoke(Unknown Source)
at org.testng.internal.MethodInvocationHelper.invokeMethod(MethodInvocationHelper.java:132)
at org.testng.internal.TestInvoker.invokeMethod(TestInvoker.java:599)
at org.testng.internal.TestInvoker.invokeTestMethod(TestInvoker.java:174)
at org.testng.internal.MethodRunner.runInSequence(MethodRunner.java:46)
at org.testng.internal.TestInvoker$MethodInvocationAgent.invoke(TestInvoker.java:822)
at org.testng.internal.TestInvoker.invokeTestMethods(TestInvoker.java:147)
at org.testng.internal.TestMethodWorker.invokeTestMethods(TestMethodWorker.java:146)
at org.testng.internal.TestMethodWorker.run(TestMethodWorker.java:128)
at java.util.ArrayList.forEach(Unknown Source)
at org.testng.TestRunner.privateRun(TestRunner.java:764)
at org.testng.TestRunner.run(TestRunner.java:585)
at org.testng.SuiteRunner.runTest(SuiteRunner.java:384)
at org.testng.SuiteRunner.runSequentially(SuiteRunner.java:378)
at org.testng.SuiteRunner.privateRun(SuiteRunner.java:337)
at org.testng.SuiteRunner.run(SuiteRunner.java:286)
at org.testng.SuiteRunnerWorker.runSuite(SuiteRunnerWorker.java:53)
at org.testng.SuiteRunnerWorker.run(SuiteRunnerWorker.java:96)
at org.testng.TestNG.runSuitesSequentially(TestNG.java:1218)
at org.testng.TestNG.runSuitesLocally(TestNG.java:1140)
at org.testng.TestNG.runSuites(TestNG.java:1069)
at org.testng.TestNG.run(TestNG.java:1037)
at org.testng.remote.AbstractRemoteTestNG.run(AbstractRemoteTestNG.java:115)
at org.testng.remote.RemoteTestNG.initAndRun(RemoteTestNG.java:251)
at org.testng.remote.RemoteTestNG.main(RemoteTestNG.java:77)
]]>
    </failure>
  </testcase> <!-- sampleLiunksMethod -->
  <system-out/>
</testsuite> <!-- brockenlinks.BrockenLinksClass5 -->
